<?xml version="1.0" encoding="UTF-8"?>
<testsuite xmlns:xsi="http://www.w3.org/2001/XMLSchema-instance" xsi:noNamespaceSchemaLocation="https://maven.apache.org/surefire/maven-surefire-plugin/xsd/surefire-test-report.xsd" name="org.smyld.app.spe.SPortalEngineApplicationTests" time="3.221" tests="4" errors="0" skipped="0" failures="0">
  <properties>
[...]
</properties>
  <testcase name="testCommandLine" classname="org.smyld.app.spe.SPortalEngineApplicationTests" time="1.355"/>
  <testcase name="testFactory" classname="org.smyld.app.spe.SPortalEngineApplicationTests" time="0.066"/>
  <testcase name="contextLoads" classname="org.smyld.app.spe.SPortalEngineApplicationTests" time="0.001"/>
  <testcase name="testSettingsToolkitDetection" classname="org.smyld.app.spe.SPortalEngineApplicationTests" time="0.273"/>
</testsuite>